{"C:\\Users\\marce\\.gemini\\antigravity\\scratch\\Website_OREIDATELA\\src\\utils\\seo.ts": {"path":"C:\\Users\\marce\\.gemini\\antigravity\\scratch\\Website_OREIDATELA\\src\\utils\\seo.ts","statementMap":{"0":{"start":{"line":5,"column":2},"end":{"line":15,"column":null}},"1":{"start":{"line":22,"column":16},"end":{"line":22,"column":null}},"2":{"start":{"line":24,"column":2},"end":{"line":41,"column":null}},"3":{"start":{"line":26,"column":20},"end":{"line":26,"column":null}},"4":{"start":{"line":26,"column":43},"end":{"line":26,"column":102}},"5":{"start":{"line":28,"column":4},"end":{"line":40,"column":null}},"6":{"start":{"line":29,"column":6},"end":{"line":39,"column":null}},"7":{"start":{"line":43,"column":2},"end":{"line":43,"column":null}},"8":{"start":{"line":50,"column":16},"end":{"line":50,"column":null}},"9":{"start":{"line":52,"column":2},"end":{"line":62,"column":null}},"10":{"start":{"line":53,"column":4},"end":{"line":61,"column":null}},"11":{"start":{"line":64,"column":2},"end":{"line":64,"column":null}}},"fnMap":{"0":{"name":"slugify","decl":{"start":{"line":4,"column":16},"end":{"line":4,"column":24}},"loc":{"start":{"line":4,"column":46},"end":{"line":16,"column":null}},"line":4},"1":{"name":"generateDevicePaths","decl":{"start":{"line":21,"column":16},"end":{"line":21,"column":36}},"loc":{"start":{"line":21,"column":95},"end":{"line":44,"column":null}},"line":21},"2":{"name":"(anonymous_2)","decl":{"start":{"line":26,"column":38},"end":{"line":26,"column":43}},"loc":{"start":{"line":26,"column":43},"end":{"line":26,"column":102}},"line":26},"3":{"name":"generateBrandPaths","decl":{"start":{"line":49,"column":16},"end":{"line":49,"column":35}},"loc":{"start":{"line":49,"column":73},"end":{"line":65,"column":null}},"line":49}},"branchMap":{"0":{"loc":{"start":{"line":26,"column":43},"end":{"line":26,"column":102}},"type":"binary-expr","locations":[{"start":{"line":26,"column":43},"end":{"line":26,"column":68}},{"start":{"line":26,"column":68},"end":{"line":26,"column":102}}],"line":26}},"s":{"0":4,"1":2,"2":2,"3":3,"4":3,"5":3,"6":4,"7":2,"8":1,"9":1,"10":2,"11":1},"f":{"0":4,"1":2,"2":3,"3":1},"b":{"0":[3,1]},"meta":{"lastBranch":1,"lastFunction":4,"lastStatement":12,"seen":{"f:4:16:4:24":0,"s:5:2:15:Infinity":0,"f:21:16:21:36":1,"s:22:16:22:Infinity":1,"s:24:2:41:Infinity":2,"s:26:20:26:Infinity":3,"f:26:38:26:43":2,"s:26:43:26:102":4,"b:26:43:26:68:26:68:26:102":0,"s:28:4:40:Infinity":5,"s:29:6:39:Infinity":6,"s:43:2:43:Infinity":7,"f:49:16:49:35":3,"s:50:16:50:Infinity":8,"s:52:2:62:Infinity":9,"s:53:4:61:Infinity":10,"s:64:2:64:Infinity":11}}}
}
